[debug] [2025-08-04T03:52:24.591Z] ----------------------------------------------------------------------
[debug] [2025-08-04T03:52:24.606Z] Command:       C:\nvm4w\nodejs\node.exe C:\Users\Windows-10\AppData\Roaming\npm\node_modules\firebase-tools\lib\bin\firebase.js emulators:start --only functions
[debug] [2025-08-04T03:52:24.607Z] CLI Version:   14.10.1
[debug] [2025-08-04T03:52:24.608Z] Platform:      win32
[debug] [2025-08-04T03:52:24.609Z] Node Version:  v20.19.4
[debug] [2025-08-04T03:52:24.609Z] Time:          Mon Aug 04 2025 09:52:24 GMT+0600 (Bangladesh Standard Time)
[debug] [2025-08-04T03:52:24.610Z] ----------------------------------------------------------------------
[debug] 
[debug] [2025-08-04T03:52:25.985Z] > command requires scopes: ["email","openid","https://www.googleapis.com/auth/cloudplatformprojects.readonly","https://www.googleapis.com/auth/firebase","https://www.googleapis.com/auth/cloud-platform"]
[debug] [2025-08-04T03:52:25.987Z] > authorizing via signed-in user (sezanali2@gmail.com)
[info] i  emulators: Starting emulators: functions {"metadata":{"emulator":{"name":"hub"},"message":"Starting emulators: functions"}}
[debug] [2025-08-04T03:52:26.039Z] [logging] Logging Emulator only supports listening on one address (127.0.0.1). Not listening on ::1
[debug] [2025-08-04T03:52:26.040Z] assigned listening specs for emulators {"user":{"hub":[{"address":"127.0.0.1","family":"IPv4","port":4400},{"address":"::1","family":"IPv6","port":4400}],"ui":[{"address":"127.0.0.1","family":"IPv4","port":4001},{"address":"::1","family":"IPv6","port":4001}],"logging":[{"address":"127.0.0.1","family":"IPv4","port":4500}]},"metadata":{"message":"assigned listening specs for emulators"}}
[warn] !  emulators: It seems that you are running multiple instances of the emulator suite for project kuizzy-app. This may result in unexpected behavior. 
[debug] [2025-08-04T03:52:26.065Z] [hub] writing locator at C:\Users\WINDOW~1\AppData\Local\Temp\hub-kuizzy-app.json
[debug] [2025-08-04T03:52:26.355Z] [functions] Functions Emulator only supports listening on one address (127.0.0.1). Not listening on ::1
[debug] [2025-08-04T03:52:26.357Z] [eventarc] Eventarc Emulator only supports listening on one address (127.0.0.1). Not listening on ::1
[debug] [2025-08-04T03:52:26.357Z] [tasks] Cloud Tasks Emulator only supports listening on one address (127.0.0.1). Not listening on ::1
[debug] [2025-08-04T03:52:26.358Z] late-assigned ports for functions and eventarc emulators {"user":{"hub":[{"address":"127.0.0.1","family":"IPv4","port":4400},{"address":"::1","family":"IPv6","port":4400}],"ui":[{"address":"127.0.0.1","family":"IPv4","port":4001},{"address":"::1","family":"IPv6","port":4001}],"logging":[{"address":"127.0.0.1","family":"IPv4","port":4500}],"functions":[{"address":"127.0.0.1","family":"IPv4","port":5001}],"eventarc":[{"address":"127.0.0.1","family":"IPv4","port":9299}],"tasks":[{"address":"127.0.0.1","family":"IPv4","port":9499}]},"metadata":{"message":"late-assigned ports for functions and eventarc emulators"}}
[warn] !  functions: The following emulators are not running, calls to these services from the Functions emulator will affect production: apphosting, auth, firestore, database, hosting, pubsub, storage, dataconnect {"metadata":{"emulator":{"name":"functions"},"message":"The following emulators are not running, calls to these services from the Functions emulator will affect production: \u001b[1mapphosting, auth, firestore, database, hosting, pubsub, storage, dataconnect\u001b[22m"}}
[debug] [2025-08-04T03:52:26.455Z] defaultcredentials: writing to file C:\Users\Windows-10\AppData\Roaming\firebase\sezanali2_gmail_com_application_default_credentials.json
[debug] [2025-08-04T03:52:26.490Z] Setting GAC to C:\Users\Windows-10\AppData\Roaming\firebase\sezanali2_gmail_com_application_default_credentials.json {"metadata":{"emulator":{"name":"functions"},"message":"Setting GAC to C:\\Users\\Windows-10\\AppData\\Roaming\\firebase\\sezanali2_gmail_com_application_default_credentials.json"}}
[debug] [2025-08-04T03:52:26.494Z] Checked if tokens are valid: true, expires at: 1754280513932
[debug] [2025-08-04T03:52:26.495Z] Checked if tokens are valid: true, expires at: 1754280513932
[debug] [2025-08-04T03:52:26.499Z] >>> [apiv2][query] GET https://firebase.googleapis.com/v1beta1/projects/kuizzy-app/adminSdkConfig [none]
[debug] [2025-08-04T03:52:27.154Z] <<< [apiv2][status] GET https://firebase.googleapis.com/v1beta1/projects/kuizzy-app/adminSdkConfig 200
[debug] [2025-08-04T03:52:27.155Z] <<< [apiv2][body] GET https://firebase.googleapis.com/v1beta1/projects/kuizzy-app/adminSdkConfig {"projectId":"kuizzy-app","storageBucket":"kuizzy-app.firebasestorage.app"}
[info] i  ui: downloading ui-v1.15.0.zip... {"metadata":{"emulator":{"name":"ui"},"message":"downloading ui-v1.15.0.zip..."}}
[debug] [2025-08-04T03:52:27.373Z] >>> [apiv2][query] GET https://storage.googleapis.com/firebase-preview-drop/emulator/ui-v1.15.0.zip 
[debug] [2025-08-04T03:52:27.906Z] <<< [apiv2][status] GET https://storage.googleapis.com/firebase-preview-drop/emulator/ui-v1.15.0.zip 200
[debug] [2025-08-04T03:52:27.907Z] <<< [apiv2][body] GET https://storage.googleapis.com/firebase-preview-drop/emulator/ui-v1.15.0.zip [stream]
[debug] [2025-08-04T03:52:32.834Z] Data is 3538469
[debug] [2025-08-04T03:52:32.835Z] [unzip] Entry: client/ (compressed_size=0 bytes, uncompressed_size=0 bytes)
[debug] [2025-08-04T03:52:32.836Z] [unzip] Processing entry: client\
[debug] [2025-08-04T03:52:32.836Z] [unzip] mkdir: C:\Users\Windows-10\.cache\firebase\emulators\ui-v1.15.0\client\
[debug] [2025-08-04T03:52:32.838Z] [unzip] Entry: client/favicon-16x16.png (compressed_size=293 bytes, uncompressed_size=293 bytes)
[debug] [2025-08-04T03:52:32.839Z] [unzip] Processing entry: client\favicon-16x16.png
[debug] [2025-08-04T03:52:32.839Z] [unzip] else mkdir: C:\Users\Windows-10\.cache\firebase\emulators\ui-v1.15.0\client
[debug] [2025-08-04T03:52:32.840Z] [unzip] Writing file: C:\Users\Windows-10\.cache\firebase\emulators\ui-v1.15.0\client\favicon-16x16.png
[debug] [2025-08-04T03:52:32.872Z] [unzip] Entry: client/safari-pinned-tab.svg (compressed_size=1433 bytes, uncompressed_size=2611 bytes)
[debug] [2025-08-04T03:52:32.872Z] [unzip] Processing entry: client\safari-pinned-tab.svg
[debug] [2025-08-04T03:52:32.873Z] [unzip] else mkdir: C:\Users\Windows-10\.cache\firebase\emulators\ui-v1.15.0\client
[debug] [2025-08-04T03:52:32.874Z] [unzip] deflating: C:\Users\Windows-10\.cache\firebase\emulators\ui-v1.15.0\client\safari-pinned-tab.svg
[debug] [2025-08-04T03:52:32.934Z] [unzip] Entry: client/favicon.ico (compressed_size=2933 bytes, uncompressed_size=13294 bytes)
[debug] [2025-08-04T03:52:32.935Z] [unzip] Processing entry: client\favicon.ico
[debug] [2025-08-04T03:52:32.935Z] [unzip] else mkdir: C:\Users\Windows-10\.cache\firebase\emulators\ui-v1.15.0\client
[debug] [2025-08-04T03:52:32.936Z] [unzip] deflating: C:\Users\Windows-10\.cache\firebase\emulators\ui-v1.15.0\client\favicon.ico
[debug] [2025-08-04T03:52:32.971Z] [unzip] Entry: client/index.html (compressed_size=1364 bytes, uncompressed_size=3071 bytes)
[debug] [2025-08-04T03:52:32.971Z] [unzip] Processing entry: client\index.html
[debug] [2025-08-04T03:52:32.971Z] [unzip] else mkdir: C:\Users\Windows-10\.cache\firebase\emulators\ui-v1.15.0\client
[debug] [2025-08-04T03:52:32.972Z] [unzip] deflating: C:\Users\Windows-10\.cache\firebase\emulators\ui-v1.15.0\client\index.html
[debug] [2025-08-04T03:52:33.134Z] [unzip] Entry: client/android-chrome-192x192.png (compressed_size=2684 bytes, uncompressed_size=2684 bytes)
[debug] [2025-08-04T03:52:33.134Z] [unzip] Processing entry: client\android-chrome-192x192.png
[debug] [2025-08-04T03:52:33.135Z] [unzip] else mkdir: C:\Users\Windows-10\.cache\firebase\emulators\ui-v1.15.0\client
[debug] [2025-08-04T03:52:33.135Z] [unzip] Writing file: C:\Users\Windows-10\.cache\firebase\emulators\ui-v1.15.0\client\android-chrome-192x192.png
[debug] [2025-08-04T03:52:33.168Z] [unzip] Entry: client/apple-touch-icon.png (compressed_size=2123 bytes, uncompressed_size=2152 bytes)
[debug] [2025-08-04T03:52:33.168Z] [unzip] Processing entry: client\apple-touch-icon.png
[debug] [2025-08-04T03:52:33.169Z] [unzip] else mkdir: C:\Users\Windows-10\.cache\firebase\emulators\ui-v1.15.0\client
[debug] [2025-08-04T03:52:33.170Z] [unzip] deflating: C:\Users\Windows-10\.cache\firebase\emulators\ui-v1.15.0\client\apple-touch-icon.png
[debug] [2025-08-04T03:52:33.202Z] [unzip] Entry: client/android-chrome-512x512.png (compressed_size=5369 bytes, uncompressed_size=5411 bytes)
[debug] [2025-08-04T03:52:33.203Z] [unzip] Processing entry: client\android-chrome-512x512.png
[debug] [2025-08-04T03:52:33.203Z] [unzip] else mkdir: C:\Users\Windows-10\.cache\firebase\emulators\ui-v1.15.0\client
[debug] [2025-08-04T03:52:33.204Z] [unzip] deflating: C:\Users\Windows-10\.cache\firebase\emulators\ui-v1.15.0\client\android-chrome-512x512.png
[debug] [2025-08-04T03:52:33.235Z] [unzip] Entry: client/manifest.json (compressed_size=245 bytes, uncompressed_size=551 bytes)
[debug] [2025-08-04T03:52:33.235Z] [unzip] Processing entry: client\manifest.json
[debug] [2025-08-04T03:52:33.235Z] [unzip] else mkdir: C:\Users\Windows-10\.cache\firebase\emulators\ui-v1.15.0\client
[debug] [2025-08-04T03:52:33.236Z] [unzip] deflating: C:\Users\Windows-10\.cache\firebase\emulators\ui-v1.15.0\client\manifest.json
[debug] [2025-08-04T03:52:33.270Z] [unzip] Entry: client/robots.txt (compressed_size=26 bytes, uncompressed_size=26 bytes)
[debug] [2025-08-04T03:52:33.271Z] [unzip] Processing entry: client\robots.txt
[debug] [2025-08-04T03:52:33.271Z] [unzip] else mkdir: C:\Users\Windows-10\.cache\firebase\emulators\ui-v1.15.0\client
[debug] [2025-08-04T03:52:33.272Z] [unzip] Writing file: C:\Users\Windows-10\.cache\firebase\emulators\ui-v1.15.0\client\robots.txt
[debug] [2025-08-04T03:52:33.301Z] [unzip] Entry: client/mstile-150x150.png (compressed_size=2034 bytes, uncompressed_size=2034 bytes)
[debug] [2025-08-04T03:52:33.302Z] [unzip] Processing entry: client\mstile-150x150.png
[debug] [2025-08-04T03:52:33.302Z] [unzip] else mkdir: C:\Users\Windows-10\.cache\firebase\emulators\ui-v1.15.0\client
[debug] [2025-08-04T03:52:33.303Z] [unzip] Writing file: C:\Users\Windows-10\.cache\firebase\emulators\ui-v1.15.0\client\mstile-150x150.png
[debug] [2025-08-04T03:52:33.342Z] [unzip] Entry: client/assets/ (compressed_size=0 bytes, uncompressed_size=0 bytes)
[debug] [2025-08-04T03:52:33.343Z] [unzip] Processing entry: client\assets\
[debug] [2025-08-04T03:52:33.344Z] [unzip] mkdir: C:\Users\Windows-10\.cache\firebase\emulators\ui-v1.15.0\client\assets\
[debug] [2025-08-04T03:52:33.345Z] [unzip] Entry: client/assets/index-BX-A56oj.js (compressed_size=582089 bytes, uncompressed_size=2092775 bytes)
[debug] [2025-08-04T03:52:33.346Z] [unzip] Processing entry: client\assets\index-BX-A56oj.js
[debug] [2025-08-04T03:52:33.347Z] [unzip] else mkdir: C:\Users\Windows-10\.cache\firebase\emulators\ui-v1.15.0\client\assets
[debug] [2025-08-04T03:52:33.348Z] [unzip] deflating: C:\Users\Windows-10\.cache\firebase\emulators\ui-v1.15.0\client\assets\index-BX-A56oj.js
[debug] [2025-08-04T03:52:35.727Z] [unzip] Entry: client/assets/index-CjB9C900.css (compressed_size=35979 bytes, uncompressed_size=298654 bytes)
[debug] [2025-08-04T03:52:35.728Z] [unzip] Processing entry: client\assets\index-CjB9C900.css
[debug] [2025-08-04T03:52:35.728Z] [unzip] else mkdir: C:\Users\Windows-10\.cache\firebase\emulators\ui-v1.15.0\client\assets
[debug] [2025-08-04T03:52:35.729Z] [unzip] deflating: C:\Users\Windows-10\.cache\firebase\emulators\ui-v1.15.0\client\assets\index-CjB9C900.css
[debug] [2025-08-04T03:52:35.792Z] [unzip] Entry: client/assets/index-BX-A56oj.js.map (compressed_size=2362482 bytes, uncompressed_size=10036679 bytes)
[debug] [2025-08-04T03:52:35.793Z] [unzip] Processing entry: client\assets\index-BX-A56oj.js.map
[debug] [2025-08-04T03:52:35.793Z] [unzip] else mkdir: C:\Users\Windows-10\.cache\firebase\emulators\ui-v1.15.0\client\assets
[debug] [2025-08-04T03:52:35.794Z] [unzip] deflating: C:\Users\Windows-10\.cache\firebase\emulators\ui-v1.15.0\client\assets\index-BX-A56oj.js.map
[debug] [2025-08-04T03:52:36.076Z] [unzip] Entry: client/assets/extensions/ (compressed_size=0 bytes, uncompressed_size=0 bytes)
[debug] [2025-08-04T03:52:36.077Z] [unzip] Processing entry: client\assets\extensions\
[debug] [2025-08-04T03:52:36.077Z] [unzip] mkdir: C:\Users\Windows-10\.cache\firebase\emulators\ui-v1.15.0\client\assets\extensions\
[debug] [2025-08-04T03:52:36.079Z] [unzip] Entry: client/assets/extensions/default-extension.png (compressed_size=1646 bytes, uncompressed_size=1657 bytes)
[debug] [2025-08-04T03:52:36.079Z] [unzip] Processing entry: client\assets\extensions\default-extension.png
[debug] [2025-08-04T03:52:36.079Z] [unzip] else mkdir: C:\Users\Windows-10\.cache\firebase\emulators\ui-v1.15.0\client\assets\extensions
[debug] [2025-08-04T03:52:36.080Z] [unzip] deflating: C:\Users\Windows-10\.cache\firebase\emulators\ui-v1.15.0\client\assets\extensions\default-extension.png
[debug] [2025-08-04T03:52:36.091Z] [unzip] Entry: client/assets/img/ (compressed_size=0 bytes, uncompressed_size=0 bytes)
[debug] [2025-08-04T03:52:36.092Z] [unzip] Processing entry: client\assets\img\
[debug] [2025-08-04T03:52:36.092Z] [unzip] mkdir: C:\Users\Windows-10\.cache\firebase\emulators\ui-v1.15.0\client\assets\img\
[debug] [2025-08-04T03:52:36.093Z] [unzip] Entry: client/assets/img/database.png (compressed_size=29449 bytes, uncompressed_size=29988 bytes)
[debug] [2025-08-04T03:52:36.094Z] [unzip] Processing entry: client\assets\img\database.png
[debug] [2025-08-04T03:52:36.094Z] [unzip] else mkdir: C:\Users\Windows-10\.cache\firebase\emulators\ui-v1.15.0\client\assets\img
[debug] [2025-08-04T03:52:36.095Z] [unzip] deflating: C:\Users\Windows-10\.cache\firebase\emulators\ui-v1.15.0\client\assets\img\database.png
[debug] [2025-08-04T03:52:36.123Z] [unzip] Entry: client/assets/provider-icons/ (compressed_size=0 bytes, uncompressed_size=0 bytes)
[debug] [2025-08-04T03:52:36.124Z] [unzip] Processing entry: client\assets\provider-icons\
[debug] [2025-08-04T03:52:36.124Z] [unzip] mkdir: C:\Users\Windows-10\.cache\firebase\emulators\ui-v1.15.0\client\assets\provider-icons\
[debug] [2025-08-04T03:52:36.125Z] [unzip] Entry: client/assets/provider-icons/auth_service_saml.svg (compressed_size=575 bytes, uncompressed_size=1226 bytes)
[debug] [2025-08-04T03:52:36.125Z] [unzip] Processing entry: client\assets\provider-icons\auth_service_saml.svg
[debug] [2025-08-04T03:52:36.125Z] [unzip] else mkdir: C:\Users\Windows-10\.cache\firebase\emulators\ui-v1.15.0\client\assets\provider-icons
[debug] [2025-08-04T03:52:36.126Z] [unzip] deflating: C:\Users\Windows-10\.cache\firebase\emulators\ui-v1.15.0\client\assets\provider-icons\auth_service_saml.svg
[debug] [2025-08-04T03:52:36.169Z] [unzip] Entry: client/assets/provider-icons/auth_service_phone.svg (compressed_size=261 bytes, uncompressed_size=414 bytes)
[debug] [2025-08-04T03:52:36.170Z] [unzip] Processing entry: client\assets\provider-icons\auth_service_phone.svg
[debug] [2025-08-04T03:52:36.170Z] [unzip] else mkdir: C:\Users\Windows-10\.cache\firebase\emulators\ui-v1.15.0\client\assets\provider-icons
[debug] [2025-08-04T03:52:36.171Z] [unzip] deflating: C:\Users\Windows-10\.cache\firebase\emulators\ui-v1.15.0\client\assets\provider-icons\auth_service_phone.svg
[debug] [2025-08-04T03:52:36.203Z] [unzip] Entry: client/assets/provider-icons/auth_service_facebook.svg (compressed_size=289 bytes, uncompressed_size=457 bytes)
[debug] [2025-08-04T03:52:36.203Z] [unzip] Processing entry: client\assets\provider-icons\auth_service_facebook.svg
[debug] [2025-08-04T03:52:36.204Z] [unzip] else mkdir: C:\Users\Windows-10\.cache\firebase\emulators\ui-v1.15.0\client\assets\provider-icons
[debug] [2025-08-04T03:52:36.204Z] [unzip] deflating: C:\Users\Windows-10\.cache\firebase\emulators\ui-v1.15.0\client\assets\provider-icons\auth_service_facebook.svg
[debug] [2025-08-04T03:52:36.235Z] [unzip] Entry: client/assets/provider-icons/auth_service_game_center.svg (compressed_size=991 bytes, uncompressed_size=3921 bytes)
[debug] [2025-08-04T03:52:36.236Z] [unzip] Processing entry: client\assets\provider-icons\auth_service_game_center.svg
[debug] [2025-08-04T03:52:36.236Z] [unzip] else mkdir: C:\Users\Windows-10\.cache\firebase\emulators\ui-v1.15.0\client\assets\provider-icons
[debug] [2025-08-04T03:52:36.237Z] [unzip] deflating: C:\Users\Windows-10\.cache\firebase\emulators\ui-v1.15.0\client\assets\provider-icons\auth_service_game_center.svg
[debug] [2025-08-04T03:52:36.275Z] [unzip] Entry: client/assets/provider-icons/auth_service_apple.svg (compressed_size=230 bytes, uncompressed_size=334 bytes)
[debug] [2025-08-04T03:52:36.276Z] [unzip] Processing entry: client\assets\provider-icons\auth_service_apple.svg
[debug] [2025-08-04T03:52:36.276Z] [unzip] else mkdir: C:\Users\Windows-10\.cache\firebase\emulators\ui-v1.15.0\client\assets\provider-icons
[debug] [2025-08-04T03:52:36.277Z] [unzip] deflating: C:\Users\Windows-10\.cache\firebase\emulators\ui-v1.15.0\client\assets\provider-icons\auth_service_apple.svg
[debug] [2025-08-04T03:52:36.312Z] [unzip] Entry: client/assets/provider-icons/auth_service_github.svg (compressed_size=466 bytes, uncompressed_size=838 bytes)
[debug] [2025-08-04T03:52:36.313Z] [unzip] Processing entry: client\assets\provider-icons\auth_service_github.svg
[debug] [2025-08-04T03:52:36.313Z] [unzip] else mkdir: C:\Users\Windows-10\.cache\firebase\emulators\ui-v1.15.0\client\assets\provider-icons
[debug] [2025-08-04T03:52:36.314Z] [unzip] deflating: C:\Users\Windows-10\.cache\firebase\emulators\ui-v1.15.0\client\assets\provider-icons\auth_service_github.svg
[debug] [2025-08-04T03:52:36.351Z] [unzip] Entry: client/assets/provider-icons/auth_service_mslive.svg (compressed_size=203 bytes, uncompressed_size=378 bytes)
[debug] [2025-08-04T03:52:36.352Z] [unzip] Processing entry: client\assets\provider-icons\auth_service_mslive.svg
[debug] [2025-08-04T03:52:36.352Z] [unzip] else mkdir: C:\Users\Windows-10\.cache\firebase\emulators\ui-v1.15.0\client\assets\provider-icons
[debug] [2025-08-04T03:52:36.354Z] [unzip] deflating: C:\Users\Windows-10\.cache\firebase\emulators\ui-v1.15.0\client\assets\provider-icons\auth_service_mslive.svg
[debug] [2025-08-04T03:52:36.399Z] [unzip] Entry: client/assets/provider-icons/auth_service_yahoo.svg (compressed_size=577 bytes, uncompressed_size=1182 bytes)
[debug] [2025-08-04T03:52:36.400Z] [unzip] Processing entry: client\assets\provider-icons\auth_service_yahoo.svg
[debug] [2025-08-04T03:52:36.400Z] [unzip] else mkdir: C:\Users\Windows-10\.cache\firebase\emulators\ui-v1.15.0\client\assets\provider-icons
[debug] [2025-08-04T03:52:36.401Z] [unzip] deflating: C:\Users\Windows-10\.cache\firebase\emulators\ui-v1.15.0\client\assets\provider-icons\auth_service_yahoo.svg
[debug] [2025-08-04T03:52:36.434Z] [unzip] Entry: client/assets/provider-icons/auth_service_twitter.svg (compressed_size=444 bytes, uncompressed_size=751 bytes)
[debug] [2025-08-04T03:52:36.434Z] [unzip] Processing entry: client\assets\provider-icons\auth_service_twitter.svg
[debug] [2025-08-04T03:52:36.434Z] [unzip] else mkdir: C:\Users\Windows-10\.cache\firebase\emulators\ui-v1.15.0\client\assets\provider-icons
[debug] [2025-08-04T03:52:36.435Z] [unzip] deflating: C:\Users\Windows-10\.cache\firebase\emulators\ui-v1.15.0\client\assets\provider-icons\auth_service_twitter.svg
[debug] [2025-08-04T03:52:36.468Z] [unzip] Entry: client/assets/provider-icons/auth_service_play_games.svg (compressed_size=565 bytes, uncompressed_size=1173 bytes)
[debug] [2025-08-04T03:52:36.469Z] [unzip] Processing entry: client\assets\provider-icons\auth_service_play_games.svg
[debug] [2025-08-04T03:52:36.469Z] [unzip] else mkdir: C:\Users\Windows-10\.cache\firebase\emulators\ui-v1.15.0\client\assets\provider-icons
[debug] [2025-08-04T03:52:36.470Z] [unzip] deflating: C:\Users\Windows-10\.cache\firebase\emulators\ui-v1.15.0\client\assets\provider-icons\auth_service_play_games.svg
[debug] [2025-08-04T03:52:36.503Z] [unzip] Entry: client/assets/provider-icons/auth_service_email.svg (compressed_size=228 bytes, uncompressed_size=326 bytes)
[debug] [2025-08-04T03:52:36.503Z] [unzip] Processing entry: client\assets\provider-icons\auth_service_email.svg
[debug] [2025-08-04T03:52:36.504Z] [unzip] else mkdir: C:\Users\Windows-10\.cache\firebase\emulators\ui-v1.15.0\client\assets\provider-icons
[debug] [2025-08-04T03:52:36.504Z] [unzip] deflating: C:\Users\Windows-10\.cache\firebase\emulators\ui-v1.15.0\client\assets\provider-icons\auth_service_email.svg
[debug] [2025-08-04T03:52:36.534Z] [unzip] Entry: client/assets/provider-icons/auth_service_google.svg (compressed_size=409 bytes, uncompressed_size=720 bytes)
[debug] [2025-08-04T03:52:36.535Z] [unzip] Processing entry: client\assets\provider-icons\auth_service_google.svg
[debug] [2025-08-04T03:52:36.535Z] [unzip] else mkdir: C:\Users\Windows-10\.cache\firebase\emulators\ui-v1.15.0\client\assets\provider-icons
[debug] [2025-08-04T03:52:36.536Z] [unzip] deflating: C:\Users\Windows-10\.cache\firebase\emulators\ui-v1.15.0\client\assets\provider-icons\auth_service_google.svg
[debug] [2025-08-04T03:52:36.574Z] [unzip] Entry: client/assets/provider-icons/auth_service_oidc.svg (compressed_size=414 bytes, uncompressed_size=858 bytes)
[debug] [2025-08-04T03:52:36.575Z] [unzip] Processing entry: client\assets\provider-icons\auth_service_oidc.svg
[debug] [2025-08-04T03:52:36.576Z] [unzip] else mkdir: C:\Users\Windows-10\.cache\firebase\emulators\ui-v1.15.0\client\assets\provider-icons
[debug] [2025-08-04T03:52:36.577Z] [unzip] deflating: C:\Users\Windows-10\.cache\firebase\emulators\ui-v1.15.0\client\assets\provider-icons\auth_service_oidc.svg
[debug] [2025-08-04T03:52:36.608Z] [unzip] Entry: client/browserconfig.xml (compressed_size=491 bytes, uncompressed_size=822 bytes)
[debug] [2025-08-04T03:52:36.609Z] [unzip] Processing entry: client\browserconfig.xml
[debug] [2025-08-04T03:52:36.609Z] [unzip] else mkdir: C:\Users\Windows-10\.cache\firebase\emulators\ui-v1.15.0\client
[debug] [2025-08-04T03:52:36.610Z] [unzip] deflating: C:\Users\Windows-10\.cache\firebase\emulators\ui-v1.15.0\client\browserconfig.xml
[debug] [2025-08-04T03:52:36.668Z] [unzip] Entry: client/favicon-32x32.png (compressed_size=475 bytes, uncompressed_size=475 bytes)
[debug] [2025-08-04T03:52:36.669Z] [unzip] Processing entry: client\favicon-32x32.png
[debug] [2025-08-04T03:52:36.669Z] [unzip] else mkdir: C:\Users\Windows-10\.cache\firebase\emulators\ui-v1.15.0\client
[debug] [2025-08-04T03:52:36.670Z] [unzip] Writing file: C:\Users\Windows-10\.cache\firebase\emulators\ui-v1.15.0\client\favicon-32x32.png
[debug] [2025-08-04T03:52:36.705Z] [unzip] Entry: server/ (compressed_size=0 bytes, uncompressed_size=0 bytes)
[debug] [2025-08-04T03:52:36.705Z] [unzip] Processing entry: server\
[debug] [2025-08-04T03:52:36.706Z] [unzip] mkdir: C:\Users\Windows-10\.cache\firebase\emulators\ui-v1.15.0\server\
[debug] [2025-08-04T03:52:36.707Z] [unzip] Entry: server/server.mjs.map (compressed_size=217845 bytes, uncompressed_size=944978 bytes)
[debug] [2025-08-04T03:52:36.707Z] [unzip] Processing entry: server\server.mjs.map
[debug] [2025-08-04T03:52:36.708Z] [unzip] else mkdir: C:\Users\Windows-10\.cache\firebase\emulators\ui-v1.15.0\server
[debug] [2025-08-04T03:52:36.708Z] [unzip] deflating: C:\Users\Windows-10\.cache\firebase\emulators\ui-v1.15.0\server\server.mjs.map
[debug] [2025-08-04T03:52:36.771Z] [unzip] Entry: server/server.mjs (compressed_size=276407 bytes, uncompressed_size=933701 bytes)
[debug] [2025-08-04T03:52:36.771Z] [unzip] Processing entry: server\server.mjs
[debug] [2025-08-04T03:52:36.771Z] [unzip] else mkdir: C:\Users\Windows-10\.cache\firebase\emulators\ui-v1.15.0\server
[debug] [2025-08-04T03:52:36.772Z] [unzip] deflating: C:\Users\Windows-10\.cache\firebase\emulators\ui-v1.15.0\server\server.mjs
[info] i  ui: Removing outdated emulator files: ui-v1.11.7 {"metadata":{"emulator":{"name":"ui"},"message":"Removing outdated emulator files: ui-v1.11.7"}}
[info] i  ui: Removing outdated emulator files: ui-v1.11.7.zip {"metadata":{"emulator":{"name":"ui"},"message":"Removing outdated emulator files: ui-v1.11.7.zip"}}
[info] i  functions: Watching "C:\Users\Windows-10\Desktop\kuizzy-app\functions" for Cloud Functions... {"metadata":{"emulator":{"name":"functions"},"message":"Watching \"C:\\Users\\Windows-10\\Desktop\\kuizzy-app\\functions\" for Cloud Functions..."}}
[debug] [2025-08-04T03:52:37.910Z] Validating nodejs source
[debug] [2025-08-04T03:52:48.076Z] checkFunctionsSDKVersion was unable to fetch information from NPM Error: spawnSync C:\Windows\system32\cmd.exe ETIMEDOUT
    at Object.spawnSync (node:internal/child_process:1123:20)
    at Object.spawnSync (node:child_process:877:24)
    at Function.spawnSync [as sync] (C:\Users\Windows-10\AppData\Roaming\npm\node_modules\firebase-tools\node_modules\cross-spawn\index.js:26:23)
    at Object.getLatestSDKVersion (C:\Users\Windows-10\AppData\Roaming\npm\node_modules\firebase-tools\lib\deploy\functions\runtimes\node\versioning.js:54:25)
    at Object.checkFunctionsSDKVersion (C:\Users\Windows-10\AppData\Roaming\npm\node_modules\firebase-tools\lib\deploy\functions\runtimes\node\versioning.js:74:32)
    at Delegate.validate (C:\Users\Windows-10\AppData\Roaming\npm\node_modules\firebase-tools\lib\deploy\functions\runtimes\node\index.js:86:20)
    at FunctionsEmulator.discoverTriggers (C:\Users\Windows-10\AppData\Roaming\npm\node_modules\firebase-tools\lib\emulator\functionsEmulator.js:313:35)
    at async FunctionsEmulator.loadTriggers (C:\Users\Windows-10\AppData\Roaming\npm\node_modules\firebase-tools\lib\emulator\functionsEmulator.js:353:34)
    at async FunctionsEmulator.connect (C:\Users\Windows-10\AppData\Roaming\npm\node_modules\firebase-tools\lib\emulator\functionsEmulator.js:279:13)
    at async Object.startAll (C:\Users\Windows-10\AppData\Roaming\npm\node_modules\firebase-tools\lib\emulator\controller.js:686:13)
[debug] [2025-08-04T03:52:48.080Z] > [functions] package.json contents: {
  "name": "functions",
  "description": "Cloud Functions for Firebase",
  "type": "module",
  "engines": {
    "node": "18"
  },
  "main": "index.js",
  "scripts": {
    "lint": "eslint .",
    "serve": "firebase emulators:start --only functions",
    "deploy": "firebase deploy --only functions"
  },
  "dependencies": {
    "cors": "^2.8.5",
    "express": "^4.18.2",
    "firebase-admin": "^13.4.0",
    "firebase-functions": "^6.4.0"
  },
  "private": true
}
[debug] [2025-08-04T03:52:48.081Z] Building nodejs source
[debug] [2025-08-04T03:52:48.084Z] Failed to find version of module node: reached end of search path C:\Users\Windows-10\Desktop\kuizzy-app\functions\node_modules
[warn] !  functions: Your requested "node" version "18" doesn't match your global version "20". Using node@20 from host. 
[debug] [2025-08-04T03:52:48.098Z] Could not find functions.yaml. Must use http discovery
[debug] [2025-08-04T03:52:48.196Z] Found firebase-functions binary at 'C:\Users\Windows-10\Desktop\kuizzy-app\functions\node_modules\.bin\firebase-functions'
[info] Serving at port 8044

[error] !!  functions: Failed to load function definition from source: FirebaseError: User code failed to load. Cannot determine backend specification. Timeout after 10000. See https://firebase.google.com/docs/functions/tips#avoid_deployment_timeouts_during_initialization' {"metadata":{"emulator":{"name":"functions"},"message":"Failed to load function definition from source: FirebaseError: User code failed to load. Cannot determine backend specification. Timeout after 10000. See https://firebase.google.com/docs/functions/tips#avoid_deployment_timeouts_during_initialization'"}}
[debug] [2025-08-04T03:53:12.203Z] Could not find VSCode notification endpoint: FetchError: request to http://localhost:40001/vscode/notify failed, reason: . If you are not running the Firebase Data Connect VSCode extension, this is expected and not an issue.
[info] 
┌─────────────────────────────────────────────────────────────┐
│ ✔  All emulators ready! It is now safe to connect your app. │
│ i  View Emulator UI at http://127.0.0.1:4001/               │
└─────────────────────────────────────────────────────────────┘

┌───────────┬────────────────┬─────────────────────────────────┐
│ Emulator  │ Host:Port      │ View in Emulator UI             │
├───────────┼────────────────┼─────────────────────────────────┤
│ Functions │ 127.0.0.1:5001 │ http://127.0.0.1:4001/functions │
└───────────┴────────────────┴─────────────────────────────────┘
  Emulator Hub host: 127.0.0.1 port: 4400
  Other reserved ports: 4500

Issues? Report them at https://github.com/firebase/firebase-tools/issues and attach the *-debug.log files.
 
